Starting smooth_dogfish at 2017-08-29 15:33:34.
First we'll fit the occupancy model with 111 observations and 251 explanatory variables.
Sent to BB and will monitor: http://dataminer1-proto.d4science.org:80/wps/RetrieveResultServlet?id=d3649a75-171c-4e6a-81a8-c6dde6ed57a3 
every 10 minutes.
Checking in at 2017-08-29 15:33:52.
Checking in at 2017-08-29 15:43:55.
Success!  smooth_dogfish is all finished and output files can be found:  http://data.d4science.org/WnRzQ3lkYWFxdjU5UEZ3QnlMNno3aCtLRWJvb25EdjFHbWJQNStIS0N6Yz0-VLT http://data.d4science.org/WnRzQ3lkYWFxdjU5UEZ3QnlMNno3aGNKbGY2OERlSWZHbWJQNStIS0N6Yz0-VLT 

P/A VSURF model identified  sst_f_ann_02 rast_vortsu sst_f_clim_s_04  as the best variables for interpretation.
PA rf completed. Accuracy = 0.93, and Kappa = 0.82
Now we fit the biomass VSURF model with 111 observations and 252 explanatory variables./nSent to BB and will monitor: http://dataminer0-proto.d4science.org:80/wps/RetrieveResultServlet?id=f7ec7224-da5b-42f6-972d-755a1e87bf9a 
every 10 minutes.
Checking in at 2017-08-29 15:54:27.
Checking in at 2017-08-29 16:04:29.
Success!  smooth_dogfish is all finished and output files can be found:  http://data.d4science.org/cnBKYkg2TFdFcUlDSnJMMjYyamRCbTV2K1U2aitreFlHbWJQNStIS0N6Yz0-VLT http://data.d4science.org/QUhvYlhRTFppRlFDSnJMMjYyamRCaDV0aXQrREdkSE5HbWJQNStIS0N6Yz0-VLT 

Biomass VSURF model identified  PRESPROB sst_r_clim_02  as the best variables for interpretation.
Biomass rf completed. R2 = 0.74, and RMSE = 0.14
Now we fit the biomass VSURF model (w/o PA) with 221 observations and 250 explanatory variables./nNow we fit the biomass VSURF model (w/o PA) with 221 observations and 250 explanatory variables. /nNow we fit the biomass VSURF model (w/o PA) with 221 observations and 250 explanatory variables. 
Now we fit the biomass VSURF model (w/o PA) with 221 observations and 250 explanatory variables. 
Sent to BB and will monitor: http://dataminer0-proto.d4science.org:80/wps/RetrieveResultServlet?id=50c8ea16-82a3-41e4-83c7-4c45cd643576 
every 10 minutes.
Checking in at 2017-08-29 22:39:02.
Checking in at 2017-08-29 22:49:05.
Success!  smooth_dogfish is all finished and output files can be found:  http://data.d4science.org/c0VXendJaDdnZklDSnJMMjYyamRCbG8rMDNrMVk5YUFHbWJQNStIS0N6Yz0-VLT http://data.d4science.org/c0VXendJaDdnZklDSnJMMjYyamRCdDZYeXo1VGpWU0NHbWJQNStIS0N6Yz0-VLT 

Biomass VSURF (w/o PA) model identified  sst_r_clim_02 sst_r_clim_12 sst_r_clim_03 sst_r_clim_01 sst_r_ann_10 sst_r_clim_s_03 sst_f_clim_s_04 sst_r_clim_s_02 sst_f_clim_s_03 sst_r_clim_11 sst_r_clim_08 sst_r_clim_s_01 sst_f_ann_05 zoo_spr_ann_ctyp SURFSALIN zoo_spr_ann_volume  as the best variables for interpretation.
Biomass rf completed. R2 = 0.23, and RMSE = 0.22
Starting smooth_dogfish at 2017-08-29 23:10:52.
First we'll fit the occupancy model with 111 observations and 250 explanatory variables.
Sent to BB and will monitor: http://dataminer1-proto.d4science.org:80/wps/RetrieveResultServlet?id=0da70cd4-2f3f-4043-9e17-79ee20fc6e06 
every 10 minutes.
Checking in at 2017-08-29 23:11:32.
Checking in at 2017-08-29 23:21:34.
Success!  smooth_dogfish is all finished and output files can be found:  http://data.d4science.org/TjlVbU0reTdVN2Q5UEZ3QnlMNno3cFlCakEzQ2tiUmRHbWJQNStIS0N6Yz0-VLT http://data.d4science.org/TjlVbU0reTdVN2Q5UEZ3QnlMNno3aXhoMk0yazg3SHpHbWJQNStIS0N6Yz0-VLT 

P/A VSURF model identified  sst_f_ann_s_04 sst_f_clim_s_04 zoo_spr_clim_cham  as the best variables for interpretation.
PA rf completed. Accuracy = 0.78, and Kappa = 0.53
Now we fit the biomass VSURF model with 111 observations and 251 explanatory variables./nSent to BB and will monitor: http://dataminer0-proto.d4science.org:80/wps/RetrieveResultServlet?id=cc541acf-d2e2-43f5-96a6-4333ac4ddad5 
every 10 minutes.
Checking in at 2017-08-29 23:32:12.
Checking in at 2017-08-29 23:42:16.
Success!  smooth_dogfish is all finished and output files can be found:  http://data.d4science.org/SkduU1BvOWJZRDBDSnJMMjYyamRCdTBHaUJuWE40OElHbWJQNStIS0N6Yz0-VLT http://data.d4science.org/VHA4UC92RFFsL1VDSnJMMjYyamRCbUF1M0tCRjRtek1HbWJQNStIS0N6Yz0-VLT 

Biomass VSURF model identified  PRESPROB sst_f_clim_s_11 zoo_spr_clim_chaeto zoo_spr_clim_cham sst_r_clim_s_02 sst_r_clim_s_01  as the best variables for interpretation.
Biomass rf completed. R2 = 0.65, and RMSE = 0.13
Now we fit the biomass VSURF model (w/o PA) with 221 observations and 250 explanatory variables. 
Sent to BB and will monitor: http://dataminer1-proto.d4science.org:80/wps/RetrieveResultServlet?id=4685cbc7-e28c-4a2b-ab5c-6a725ddc076f 
every 10 minutes.
Checking in at 2017-08-29 23:53:29.
Checking in at 2017-08-30 00:03:33.
Success!  smooth_dogfish is all finished and output files can be found:  http://data.d4science.org/QWJ3UmM4QVFLVDE5UEZ3QnlMNno3dlYzTW9Ha3FPeENHbWJQNStIS0N6Yz0-VLT http://data.d4science.org/QWJ3UmM4QVFLVDE5UEZ3QnlMNno3b3J5Vm4wb1NCZWlHbWJQNStIS0N6Yz0-VLT 

Biomass VSURF (w/o PA) model identified  sst_r_clim_02 sst_r_clim_12 sst_r_clim_03 sst_r_clim_01 sst_r_ann_10 sst_f_clim_s_04 sst_r_clim_s_03 sst_r_clim_s_02 sst_f_clim_s_03 sst_r_clim_11 sst_r_clim_08 sst_r_clim_s_01 zoo_spr_ann_ctyp SURFSALIN zoo_spr_clim_chaeto zoo_spr_ann_volume sst_f_ann_05 chl_f_ann_s_12 sst_f_ann_02  as the best variables for interpretation.
Biomass rf completed. R2 = 0.24, and RMSE = 0.23
Starting barndoor_skate at 2017-08-30 00:14:21.
First we'll fit the occupancy model with 1144 observations and 134 explanatory variables.
Sent to BB and will monitor: http://dataminer0-proto.d4science.org:80/wps/RetrieveResultServlet?id=7203522b-c01f-4008-83e8-8b420b07182b 
every 10 minutes.
Checking in at 2017-08-30 00:15:47.
Checking in at 2017-08-30 00:25:53.
Checking in at 2017-08-30 00:35:55.
Success!  barndoor_skate is all finished and output files can be found:  http://data.d4science.org/dW1qSEZwY2tzVVFDSnJMMjYyamRCc0lhb3NoaFpJTUJHbWJQNStIS0N6Yz0-VLT http://data.d4science.org/dW1qSEZwY2tzVVFDSnJMMjYyamRCdjF2S284K2JXYzZHbWJQNStIS0N6Yz0-VLT 

P/A VSURF model identified  sst_f_clim_10 sst_f_clim_03 sst_f_clim_05 sst_f_clim_04 rast_slp10km rast_vortfa rast_vortsu zoo_spr_clim_larvaceans chl_r_clim_08 sst_f_clim_02 chl_r_clim_05 rast_prcurv10km rast_slp2km  as the best variables for interpretation.
PA rf completed. Accuracy = 0.67, and Kappa = 0.31
Now we fit the biomass VSURF model with 1144 observations and 135 explanatory variables./nSent to BB and will monitor: http://dataminer1-proto.d4science.org:80/wps/RetrieveResultServlet?id=c73ab648-8f0b-4118-abb7-17821f1f462f 
every 10 minutes.
Checking in at 2017-08-30 00:48:42.
Checking in at 2017-08-30 00:58:44.
Checking in at 2017-08-30 01:08:46.
Checking in at 2017-08-30 01:18:47.
Checking in at 2017-08-30 01:28:49.
Success!  barndoor_skate is all finished and output files can be found:  http://data.d4science.org/L0ovdE5lK0ZLQzk5UEZ3QnlMNno3dU1USjBXWWl1eXpHbWJQNStIS0N6Yz0-VLT http://data.d4science.org/L0ovdE5lK0ZLQzk5UEZ3QnlMNno3ckNJNXpjWW1Dc2pHbWJQNStIS0N6Yz0-VLT 

Starting smooth_dogfish at 2017-08-30 06:37:26.
First we'll fit the occupancy model with 111 observations and 250 explanatory variables.
Starting barndoor_skate at 2017-08-30 06:38:00.
First we'll fit the occupancy model with 1144 observations and 134 explanatory variables.
Starting barndoor_skate at 2017-08-30 06:54:40.
First we'll fit the occupancy model with 1144 observations and 134 explanatory variables.
Sent to BB and will monitor: http://dataminer0-proto.d4science.org:80/wps/RetrieveResultServlet?id=cb2c52f8-7daa-47f3-b771-d51c1a9df961 
every 10 minutes.
Checking in at 2017-08-30 06:56:53.
Checking in at 2017-08-30 07:06:55.
Success!  barndoor_skate is all finished and output files can be found:  http://data.d4science.org/NTNIak4wZFZGVXdDSnJMMjYyamRCdHVxbmVaMSsyZWdHbWJQNStIS0N6Yz0-VLT http://data.d4science.org/RzN3QS9oSDhhWG9DSnJMMjYyamRCak5XQitFTEFSQWFHbWJQNStIS0N6Yz0-VLT 

P/A VSURF model identified  sst_f_clim_10 sst_f_clim_05 sst_f_clim_03 sst_f_clim_04 rast_slp10km rast_vortfa rast_vortsu zoo_spr_clim_larvaceans chl_r_clim_08 chl_r_clim_05 rast_prcurv10km  as the best variables for interpretation.
PA rf completed. Accuracy = 0.66, and Kappa = 0.29
Now we fit the biomass VSURF model with 1144 observations and 135 explanatory variables./nSent to BB and will monitor: http://dataminer0-proto.d4science.org:80/wps/RetrieveResultServlet?id=36395432-904a-46c1-a217-958488aa3271 
every 10 minutes.
Checking in at 2017-08-30 07:21:54.
Checking in at 2017-08-30 07:31:55.
Checking in at 2017-08-30 07:41:57.
Checking in at 2017-08-30 08:28:29.
Success!  barndoor_skate is all finished and output files can be found:  http://data.d4science.org/VHJVcTVrem1KVW9DSnJMMjYyamRCc2UzQnZudGQ0SUNHbWJQNStIS0N6Yz0-VLT http://data.d4science.org/VHJVcTVrem1KVW9DSnJMMjYyamRCcGxvOGt2WGF5V2ZHbWJQNStIS0N6Yz0-VLT 

Biomass VSURF model identified  PRESPROB rast_slp10km rast_slp2km chl_f_clim_s_05 rast_vortfa rast_slpslp10km rast_slpslp2km sst_f_clim_04 rast_vortsu zoo_spr_clim_pseudo rast_slp20km chl_r_clim_s_05 chl_r_clim_s_11 rast_prcurv2km rast_prcurv10km chl_r_clim_09 rast_namera_bpi rast_plcurv2km chl_r_clim_10 sst_r_clim_s_10  as the best variables for interpretation.
Biomass rf completed. R2 = 0.49, and RMSE = 0.25
Now we fit the biomass VSURF model (w/o PA) with 2287 observations and 134 explanatory variables. 
Sent to BB and will monitor: http://dataminer1-proto.d4science.org:80/wps/RetrieveResultServlet?id=92c1aea3-c457-49a0-ae91-aa49e704874c 
every 10 minutes.
Checking in at 2017-08-30 08:42:41.
Checking in at 2017-08-30 08:52:42.
Checking in at 2017-08-30 09:21:46.
Checking in at 2017-08-30 09:31:53.
Checking in at 2017-08-30 09:41:55.
Checking in at 2017-08-30 09:51:58.
Checking in at 2017-08-30 10:01:59.
Checking in at 2017-08-30 10:12:03.
Checking in at 2017-08-30 10:22:05.
Checking in at 2017-08-30 10:32:08.
Checking in at 2017-08-30 10:42:10.
Checking in at 2017-08-30 10:52:13.
Checking in at 2017-08-30 11:02:16.
Checking in at 2017-08-30 11:12:18.
Checking in at 2017-08-30 11:22:20.
Checking in at 2017-08-30 11:32:22.
Checking in at 2017-08-30 11:42:24.
Checking in at 2017-08-30 11:52:26.
Checking in at 2017-08-30 12:02:27.
Starting barndoor_skate at 2017-08-30 12:10:27.
Starting barndoor_skate at 2017-08-30 12:29:02.
First we'll fit the occupancy model with 2287 observations and 134 explanatory variables.
Sent to BB and will monitor: http://dataminer1-proto.d4science.org:80/wps/RetrieveResultServlet?id=8864fd19-9d51-41e2-9414-6224a3b66c41 
every 10 minutes.
Checking in at 2017-08-30 12:29:19.
Starting barndoor_skate at 2017-08-30 12:30:57.
Starting smooth_dogfish at 2017-08-30 12:32:22.
First we'll fit the occupancy model with 221 observations and 250 explanatory variables.
Sent to BB and will monitor: http://dataminer0-proto.d4science.org:80/wps/RetrieveResultServlet?id=09e65a5f-4612-4a6a-943c-987643daa74b 
every 10 minutes.
Checking in at 2017-08-30 12:32:29.
Checking in at 2017-08-30 12:42:34.
Success!  smooth_dogfish is all finished and output files can be found:  http://data.d4science.org/OGN2QmMzZjFnL1FDSnJMMjYyamRCaUthbzR4MlBobDFHbWJQNStIS0N6Yz0-VLT http://data.d4science.org/OGN2QmMzZjFnL1FDSnJMMjYyamRCaWtnRnRlSVhyZ0xHbWJQNStIS0N6Yz0-VLT 

P/A VSURF model identified  sst_f_clim_s_04 sst_r_clim_12 zoo_spr_clim_chaeto sst_f_ann_05 sst_f_clim_s_05 sst_f_ann_02 chl_r_ann_s_06 chl_f_ann_s_01 sst_f_clim_04 chl_r_clim_s_06 ST_SD SURFSALIN sst_f_ann_s_04 chl_f_clim_s_12  as the best variables for interpretation.
PA rf completed. Accuracy = 0.64, and Kappa = 0.25
Now we fit the biomass VSURF model with 68 observations and 251 explanatory variables./nChecking in at 2017-08-30 13:58:41.
Success!  smooth_dogfish is all finished and output files can be found:  http://data.d4science.org/OGN2QmMzZjFnL1FDSnJMMjYyamRCaUthbzR4MlBobDFHbWJQNStIS0N6Yz0-VLT http://data.d4science.org/OGN2QmMzZjFnL1FDSnJMMjYyamRCaWtnRnRlSVhyZ0xHbWJQNStIS0N6Yz0-VLT 

P/A VSURF model identified  sst_f_clim_s_04 sst_r_clim_12 zoo_spr_clim_chaeto sst_f_ann_05 sst_f_clim_s_05 sst_f_ann_02 chl_r_ann_s_06 chl_f_ann_s_01 sst_f_clim_04 chl_r_clim_s_06 ST_SD SURFSALIN sst_f_ann_s_04 chl_f_clim_s_12  as the best variables for interpretation.
PA rf completed. Accuracy = 0.71, and Kappa = 0.36
Now we fit the biomass VSURF model with 68 observations and 251 explanatory variables./nSent to BB and will monitor: http://dataminer1-proto.d4science.org:80/wps/RetrieveResultServlet?id=7066c17d-01eb-44db-aa3e-b8c88972a69d 
every 10 minutes.
Checking in at 2017-08-30 14:01:00.
Checking in at 2017-08-30 14:12:56.
Success!  smooth_dogfish is all finished and output files can be found:  http://data.d4science.org/UFJja0p3YzNCRWw5UEZ3QnlMNno3b2hsV292a0hwTG5HbWJQNStIS0N6Yz0-VLT http://data.d4science.org/bGp0VTNvTExZeUo5UEZ3QnlMNno3dVBMTjJCaExGbkhHbWJQNStIS0N6Yz0-VLT 

Biomass VSURF model identified  sst_r_clim_08 sst_f_clim_s_03 sst_r_clim_s_07  as the best variables for interpretation.
Biomass rf completed. R2 = 0.2, and RMSE = 0.25
Now we fit the biomass VSURF model with 221 observations and 251 explanatory variables./nSent to BB and will monitor: http://dataminer1-proto.d4science.org:80/wps/RetrieveResultServlet?id=7066c17d-01eb-44db-aa3e-b8c88972a69d 
every 10 minutes.
Sent to BB and will monitor: http://dataminer0-proto.d4science.org:80/wps/RetrieveResultServlet?id=fcc008f3-288e-48a7-a288-6976910b3f09 
every 10 minutes.
Checking in at 2017-08-30 14:23:05.
Success!  smooth_dogfish is all finished and output files can be found:  http://data.d4science.org/R0hPeURpemxNUklDSnJMMjYyamRCZ3hoaGdGVlQyQnRHbWJQNStIS0N6Yz0-VLT http://data.d4science.org/R0hPeURpemxNUklDSnJMMjYyamRCdjU0SGtvMDk5cytHbWJQNStIS0N6Yz0-VLT 

Biomass VSURF model identified  PRESPROB sst_r_clim_02  as the best variables for interpretation.
Biomass rf completed. R2 = 0.46, and RMSE = 0.17
Starting barndoor_skate at 2017-08-30 14:32:02.
First we'll fit the occupancy model with 2287 observations and 134 explanatory variables.
Sent to BB and will monitor: http://dataminer1-proto.d4science.org:80/wps/RetrieveResultServlet?id=dcca75c7-aa2d-4ed3-86bb-9febee1a7fa9 
every10 minutes.
Checking in at 2017-08-30 14:32:18.
Checking in at 2017-08-30 14:42:23.
Checking in at 2017-08-30 14:52:28.
Checking in at 2017-08-30 15:02:30.
Checking in at 2017-08-30 15:12:33.
Checking in at 2017-08-30 15:22:35.
Checking in at 2017-08-30 15:32:38.
Success!  barndoor_skate is all finished and output files can be found:  http://data.d4science.org/eVZEVy9LSmFrOTE5UEZ3QnlMNno3dHY5NGFsRzNSSmFHbWJQNStIS0N6Yz0-VLT http://data.d4science.org/eVZEVy9LSmFrOTE5UEZ3QnlMNno3aEFxVjZFR0hIbzhHbWJQNStIS0N6Yz0-VLT 

P/A VSURF model identified  sst_f_clim_02 sst_f_clim_10 rast_slpslp20km sst_f_clim_03 rast_prcurv20km rast_slp20km sst_f_clim_04 rast_slp10km chl_r_clim_s_08 sst_f_clim_05 sst_f_clim_01 chl_r_clim_08 chl_r_clim_s_05 sst_r_clim_s_03 chl_r_clim_05 rast_slp2km sst_r_clim_11 sst_r_clim_s_02 sst_f_clim_s_01 rast_prcurv10km chl_f_clim_s_05 chl_r_clim_09 sst_f_clim_s_10 chl_r_clim_s_04 sst_f_clim_s_05 zoo_spr_clim_larvaceans rast_rugosity  as the best variables for interpretation.
PA rf completed. Accuracy = 0.67, and Kappa = 0.34
Now we fit the biomass VSURF model with 2287 observations and 135 explanatory variables./nSent to BB and will monitor: http://dataminer1-proto.d4science.org:80/wps/RetrieveResultServlet?id=8378151f-9933-40e2-b917-aff975b6e6c9 
every10 minutes.
Checking in at 2017-08-30 16:02:10.
Checking in at 2017-08-31 08:34:23.
